Arguments: 
  C:\Program Files\nodejs\node.exe C:\Program Files\nodejs\node_modules\yarn\bin\yarn.js

PATH: 
  C:\Program Files\Common Files\Oracle\Java\javapath;C:\Windows\system32;C:\Windows;C:\Windows\System32\Wbem;C:\Windows\System32\WindowsPowerShell\v1.0\;C:\Windows\System32\OpenSSH\;C:\Program Files\Git\cmd;C:\Users\pedro\AppData\Roaming\nvm;C:\Program Files\nodejs;C:\Program Files\Docker\Docker\resources\bin;C:\Program Files\Java\jdk-21\bin;C:\Users\pedro\AppData\Local\Microsoft\WindowsApps;C:\Maven\apache-maven-3.9.1\bin;C:\Users\pedro\AppData\Local\Programs\Microsoft VS Code\bin;C:\Users\pedro\AppData\Roaming\nvm;C:\Program Files\nodejs;C:\msys64\ucrt64\bin;C:\msys64\mingw64\bin;;D:\IntelliJ IDEA Community Edition 2023.2.5\bin;

Yarn version: 
  1.22.19

Node version: 
  18.16.0

Platform: 
  win32 x64

Trace: 
  Error: getaddrinfo EAI_AGAIN registry.yarnpkg.com
      at GetAddrInfoReqWrap.onlookup [as oncomplete] (node:dns:107:26)

npm manifest: 
  {
    "name": "server",
    "version": "1.0.0",
    "main": "index.js",
    "license": "MIT",
    "scripts": {
      "start": "yarn ts-node src/server.ts",
      "dev": "ts-node-dev --respawn --transpile-only src/server.ts"
    },
    "devDependencies": {
      "@types/express": "^4.17.21",
      "@types/jsonwebtoken": "^9.0.5",
      "prisma": "^5.6.0"
    },
    "dependencies": {
      "@prisma/client": "^5.6.0",
      "@types/cors": "^2.8.17",
      "@types/node": "^20.10.0",
      "axios": "^1.6.2",
      "body-parser": "^1.20.2",
      "cors": "^2.8.5",
      "dotenv": "^16.3.1",
      "express": "^4.18.2",
      "jsonwebtoken": "^9.0.2",
      "moment-timezone": "^0.5.43",
      "ts-node": "^10.9.1",
      "ts-node-dev": "^2.0.0",
      "typescript": "^5.3.2"
    }
  }

yarn manifest: 
  No manifest

Lockfile: 
  No lockfile
